c:\opencv\ffn\ffn\x64\debug\data.obj
c:\opencv\ffn\ffn\x64\debug\vc110.pdb
c:\opencv\ffn\ffn\x64\debug\vc120.pdb
c:\opencv\ffn\ffn\x64\debug\vc120.idb
c:\opencv\ffn\ffn\x64\debug\ffn.obj
c:\opencv\ffn\ffn\x64\debug\rbm.obj
c:\opencv\ffn\ffn\x64\debug\main.obj
c:\opencv\ffn\ffn\x64\debug\cl.command.1.tlog
c:\opencv\ffn\ffn\x64\debug\cl.read.1.tlog
c:\opencv\ffn\ffn\x64\debug\cl.write.1.tlog
c:\opencv\ffn\ffn\x64\debug\vc110.idb
c:\opencv\ffn\x64\debug\ffn.pdb
c:\opencv\ffn\ffn\x64\debug\ffn.tlog\cl.command.1.tlog
c:\opencv\ffn\ffn\x64\debug\ffn.tlog\cl.read.1.tlog
c:\opencv\ffn\ffn\x64\debug\ffn.tlog\cl.write.1.tlog
c:\opencv\ffn\ffn\x64\debug\ffn.tlog\link.1808-cvtres.read.1.tlog
c:\opencv\ffn\ffn\x64\debug\ffn.tlog\link.1808-cvtres.write.1.tlog
c:\opencv\ffn\ffn\x64\debug\ffn.tlog\link.1808-rc.read.1.tlog
c:\opencv\ffn\ffn\x64\debug\ffn.tlog\link.1808-rc.write.1.tlog
c:\opencv\ffn\ffn\x64\debug\ffn.tlog\link.1808.read.1.tlog
c:\opencv\ffn\ffn\x64\debug\ffn.tlog\link.1808.write.1.tlog
c:\opencv\ffn\ffn\x64\debug\ffn.tlog\link.command.1.tlog
c:\opencv\ffn\ffn\x64\debug\ffn.tlog\link.read.1.tlog
c:\opencv\ffn\ffn\x64\debug\ffn.tlog\link.write.1.tlog
