Build started 25.12.2013 15:03:07.
     1>Project "C:\OpenCV\FFN\FFN\FFN.vcxproj" on node 2 (Build target(s)).
     1>ClCompile:
         C:\Program Files (x86)\Microsoft Visual Studio 11.0\VC\bin\CL.exe /c /IC:/OpenCV/opencv/build/x64/vc11\..\..\include /Zi /nologo /W3 /WX- /sdl /O2 /Oi /Oy- /GL /D WIN32 /D NDEBUG /D _CONSOLE /D _UNICODE /D UNICODE /Gm- /EHsc /MD /GS /Gy /fp:precise /Zc:wchar_t /Zc:forScope /Fo"Release\\" /Fd"Release\vc110.pdb" /Gd /TP /analyze- /errorReport:prompt FFN.cpp main.cpp
         FFN.cpp
         main.cpp
       Link:
         C:\Program Files (x86)\Microsoft Visual Studio 11.0\VC\bin\link.exe /ERRORREPORT:PROMPT /OUT:"C:\OpenCV\FFN\Release\FFN.exe" /INCREMENTAL:NO /NOLOGO /LIBPATH:C:/OpenCV/opencv/build/x64/vc11\lib opencv_core247.lib opencv_imgproc247.lib opencv_highgui247.lib opencv_ml247.lib opencv_video247.lib opencv_features2d247.lib opencv_calib3d247.lib opencv_objdetect247.lib opencv_contrib247.lib opencv_legacy247.lib opencv_flann247.lib kernel32.lib user32.lib gdi32.lib winspool.lib comdlg32.lib advapi32.lib shell32.lib ole32.lib oleaut32.lib uuid.lib odbc32.lib odbccp32.lib /MANIFEST /MANIFESTUAC:"level='asInvoker' uiAccess='false'" /manifest:embed /DEBUG /PDB:"C:\OpenCV\FFN\Release\FFN.pdb" /SUBSYSTEM:CONSOLE /OPT:REF /OPT:ICF /LTCG /TLBID:1 /DYNAMICBASE /NXCOMPAT /IMPLIB:"C:\OpenCV\FFN\Release\FFN.lib" /MACHINE:X86 /SAFESEH Release\FFN.obj
         Release\main.obj
     1>FFN.obj : error LNK2001: unresolved external symbol "public: virtual bool __thiscall cv::_InputArray::empty(void)const " (?empty@_InputArray@cv@@UBE_NXZ)
     1>FFN.obj : error LNK2001: unresolved external symbol "public: virtual int __thiscall cv::_InputArray::channels(int)const " (?channels@_InputArray@cv@@UBEHH@Z)
     1>FFN.obj : error LNK2001: unresolved external symbol "public: virtual int __thiscall cv::_InputArray::depth(int)const " (?depth@_InputArray@cv@@UBEHH@Z)
     1>FFN.obj : error LNK2001: unresolved external symbol "public: virtual int __thiscall cv::_InputArray::type(int)const " (?type@_InputArray@cv@@UBEHH@Z)
     1>FFN.obj : error LNK2001: unresolved external symbol "public: virtual unsigned int __thiscall cv::_InputArray::total(int)const " (?total@_InputArray@cv@@UBEIH@Z)
     1>FFN.obj : error LNK2001: unresolved external symbol "public: virtual class cv::Size_<int> __thiscall cv::_InputArray::size(int)const " (?size@_InputArray@cv@@UBE?AV?$Size_@H@2@H@Z)
     1>FFN.obj : error LNK2001: unresolved external symbol "public: virtual int __thiscall cv::_InputArray::kind(void)const " (?kind@_InputArray@cv@@UBEHXZ)
     1>FFN.obj : error LNK2001: unresolved external symbol "public: virtual class cv::gpu::GpuMat __thiscall cv::_InputArray::getGpuMat(void)const " (?getGpuMat@_InputArray@cv@@UBE?AVGpuMat@gpu@2@XZ)
     1>FFN.obj : error LNK2001: unresolved external symbol "public: virtual class cv::GlTexture __thiscall cv::_InputArray::getGlTexture(void)const " (?getGlTexture@_InputArray@cv@@UBE?AVGlTexture@2@XZ)
     1>FFN.obj : error LNK2001: unresolved external symbol "public: virtual class cv::GlBuffer __thiscall cv::_InputArray::getGlBuffer(void)const " (?getGlBuffer@_InputArray@cv@@UBE?AVGlBuffer@2@XZ)
     1>FFN.obj : error LNK2001: unresolved external symbol "public: virtual void __thiscall cv::_InputArray::getMatVector(class std::vector<class cv::Mat,class std::allocator<class cv::Mat> > &)const " (?getMatVector@_InputArray@cv@@UBEXAAV?$vector@VMat@cv@@V?$allocator@VMat@cv@@@std@@@std@@@Z)
     1>FFN.obj : error LNK2001: unresolved external symbol "public: virtual class cv::Mat __thiscall cv::_InputArray::getMat(int)const " (?getMat@_InputArray@cv@@UBE?AVMat@2@H@Z)
     1>FFN.obj : error LNK2001: unresolved external symbol "class cv::_OutputArray const & __cdecl cv::noArray(void)" (?noArray@cv@@YAABV_OutputArray@1@XZ)
     1>FFN.obj : error LNK2001: unresolved external symbol "public: class cv::Mat & __thiscall cv::Mat::setTo(class cv::_InputArray const &,class cv::_InputArray const &)" (?setTo@Mat@cv@@QAEAAV12@ABV_InputArray@2@0@Z)
     1>main.obj : error LNK2001: unresolved external symbol "void __cdecl cv::fastFree(void *)" (?fastFree@cv@@YAXPAX@Z)
     1>main.obj : error LNK2001: unresolved external symbol "public: void __thiscall cv::Mat::deallocate(void)" (?deallocate@Mat@cv@@QAEXXZ)
     1>main.obj : error LNK2001: unresolved external symbol "public: void __thiscall cv::Mat::create(int,int const *,int)" (?create@Mat@cv@@QAEXHPBHH@Z)
     1>main.obj : error LNK2001: unresolved external symbol "int __cdecl cv::_interlockedExchangeAdd(int *,int)" (?_interlockedExchangeAdd@cv@@YAHPAHH@Z)
     1>main.obj : error LNK2001: unresolved external symbol "public: static class cv::Formatter const * __cdecl cv::Formatter::get(char const *)" (?get@Formatter@cv@@SAPBV12@PBD@Z)
     1>C:\OpenCV\FFN\Release\FFN.exe : fatal error LNK1120: 19 unresolved externals
     1>Done Building Project "C:\OpenCV\FFN\FFN\FFN.vcxproj" (Build target(s)) -- FAILED.

Build FAILED.

Time Elapsed 00:00:12.13
